c:\users\user\source\repos\hello, wordl!\calculator_again_ch6\debug\vc142.pdb
c:\users\user\source\repos\hello, wordl!\calculator_again_ch6\debug\vc142.idb
c:\users\user\source\repos\hello, wordl!\calculator_again_ch6\debug\calculator.obj
c:\users\user\source\repos\hello, wordl!\debug\calculator_again_ch6.pdb
c:\users\user\source\repos\hello, wordl!\debug\calculator_again_ch6.ilk
c:\users\user\source\repos\hello, wordl!\calculator_again_ch6\debug\calculat.b5bcc270.tlog\cl.command.1.tlog
c:\users\user\source\repos\hello, wordl!\calculator_again_ch6\debug\calculat.b5bcc270.tlog\cl.read.1.tlog
c:\users\user\source\repos\hello, wordl!\calculator_again_ch6\debug\calculat.b5bcc270.tlog\cl.write.1.tlog
c:\users\user\source\repos\hello, wordl!\calculator_again_ch6\debug\calculat.b5bcc270.tlog\link-cvtres.read.1.tlog
c:\users\user\source\repos\hello, wordl!\calculator_again_ch6\debug\calculat.b5bcc270.tlog\link-cvtres.write.1.tlog
c:\users\user\source\repos\hello, wordl!\calculator_again_ch6\debug\calculat.b5bcc270.tlog\link-rc.read.1.tlog
c:\users\user\source\repos\hello, wordl!\calculator_again_ch6\debug\calculat.b5bcc270.tlog\link-rc.write.1.tlog
c:\users\user\source\repos\hello, wordl!\calculator_again_ch6\debug\calculat.b5bcc270.tlog\link.6156-cvtres.read.1.tlog
c:\users\user\source\repos\hello, wordl!\calculator_again_ch6\debug\calculat.b5bcc270.tlog\link.6156-cvtres.write.1.tlog
c:\users\user\source\repos\hello, wordl!\calculator_again_ch6\debug\calculat.b5bcc270.tlog\link.6156-rc.read.1.tlog
c:\users\user\source\repos\hello, wordl!\calculator_again_ch6\debug\calculat.b5bcc270.tlog\link.6156-rc.write.1.tlog
c:\users\user\source\repos\hello, wordl!\calculator_again_ch6\debug\calculat.b5bcc270.tlog\link.6156.read.1.tlog
c:\users\user\source\repos\hello, wordl!\calculator_again_ch6\debug\calculat.b5bcc270.tlog\link.6156.write.1.tlog
c:\users\user\source\repos\hello, wordl!\calculator_again_ch6\debug\calculat.b5bcc270.tlog\link.command.1.tlog
c:\users\user\source\repos\hello, wordl!\calculator_again_ch6\debug\calculat.b5bcc270.tlog\link.read.1.tlog
c:\users\user\source\repos\hello, wordl!\calculator_again_ch6\debug\calculat.b5bcc270.tlog\link.write.1.tlog
